[2022-03-31 16:09:34] [info] Start Program:
Path:"Debug/Project1.exe"
Arguments:
Working directory: not set.
Modules: Selected: * Excluded: 
Sources: Selected: Project1\ Excluded: 
Log Level: Normal
Cover Children: 0
Aggregate by file: 1
Continue after C++ exception: 0
Optimized build support: 0
Export: html 
Input coverage: 
Unified diff: 
Excluded line regular expressions: 
Substitute pdb source paths: 
[2022-03-31 16:09:34] [info] Module: C:\DATA\UBB\OOP-REPOS\a5-6-Laurcons\MasterCpp\Debug\Project1.exe is selected because it matches selected pattern: *
[2022-03-31 16:09:34] [info] Module: C:\Windows\System32\ntdll.dll is selected because it matches selected pattern: *
[2022-03-31 16:09:34] [info] Module: C:\Windows\SysWOW64\ntdll.dll is selected because it matches selected pattern: *
[2022-03-31 16:09:34] [info] Module: C:\Windows\System32\wow64.dll is selected because it matches selected pattern: *
[2022-03-31 16:09:34] [info] Module: C:\Windows\System32\wow64win.dll is selected because it matches selected pattern: *
[2022-03-31 16:09:34] [info] Module: C:\Windows\System32\wow64cpu.dll is selected because it matches selected pattern: *
[2022-03-31 16:09:34] [info] Module: C:\Windows\SysWOW64\kernel32.dll is selected because it matches selected pattern: *
[2022-03-31 16:09:34] [info] Module: C:\Windows\SysWOW64\KernelBase.dll is selected because it matches selected pattern: *
[2022-03-31 16:09:34] [info] Module: C:\Windows\SysWOW64\msvcp140d.dll is selected because it matches selected pattern: *
[2022-03-31 16:09:34] [info] Module: C:\Windows\SysWOW64\ucrtbased.dll is selected because it matches selected pattern: *
[2022-03-31 16:09:34] [info] Module: C:\Windows\SysWOW64\vcruntime140d.dll is selected because it matches selected pattern: *
[2022-03-31 16:09:34] [info] Module: C:\Windows\SysWOW64\kernel.appcore.dll is selected because it matches selected pattern: *
[2022-03-31 16:09:34] [info] Module: C:\Windows\SysWOW64\msvcrt.dll is selected because it matches selected pattern: *
[2022-03-31 16:09:34] [info] Module: C:\Windows\SysWOW64\rpcrt4.dll is selected because it matches selected pattern: *
[2022-03-31 16:09:34] [info] ----------------------------------------------------
[2022-03-31 16:09:34] [info] Coverage generated in Folder C:\DATA\UBB\OOP-REPOS\a5-6-Laurcons\MasterCpp\CoverageReport-2022-03-31-16h09m34s
[2022-03-31 16:09:34] [info] ----------------------------------------------------
[2022-03-31 16:09:34] [info] The code coverage report is not what you expect? See the FAQ https://github.com/OpenCppCoverage/OpenCppCoverage/wiki/FAQ.
